{"uid":"d0ca33187afd3dc9","name":"Отображение сообщения об ошибке если пользователь уже существует","fullName":"tests.ui_tests.test_registration_page#test_visibility_error_message_when_user_is_existing","historyId":"4923a6ad7ec683c90cf2e588d9762df4","time":{"start":1771352663801,"stop":1771352669563,"duration":5762},"status":"failed","statusMessage":"AssertionError: Locator expected to have text 'Username `Alex` already exists'\nActual value: None\nError: element(s) not found \nCall log:\n  - Expect \"to_have_text\" with timeout 5000ms\n  - waiting for locator(\"//label[contains(text(), 'Username')]/span\")","statusTrace":"login_page = <pages.login_page.LoginPage object at 0x7f533cc669b0>\nregistration_page = <pages.registration_page.RegistrationPage object at 0x7f533c0c20e0>\npage = <Page url='http://auth.niffler.dc:9000/register'>\nenvs = Envs(frontend_url='http://frontend.niffler.dc', gateway_url='http://gateway.niffler.dc:8090', spend_db_url='postgresql...trap_servers='localhost:9093', userdata_db_url='postgresql+psycopg2://postgres:secret@localhost:5432/niffler-userdata')\n\n    @allure.feature(\"Страница Регистрации\")\n    @allure.title(\"Отображение сообщения об ошибке если пользователь уже существует\")\n    def test_visibility_error_message_when_user_is_existing(login_page, registration_page, page, envs):\n        login_page.click_create_new_account_button()\n        registration_page.send_username(envs.username)\n        registration_page.send_password(envs.password)\n        registration_page.send_submit_password(envs.password)\n        registration_page.click_sign_up_button()\n>       registration_page.check_user_already_exist_on_username_field(envs.username)\n\ntests/ui_tests/test_registration_page.py:63: \n_ _ _ _ _ _ _ _ _ _ _ _ _ _ _ _ _ _ _ _ _ _ _ _ _ _ _ _ _ _ _ _ _ _ _ _ _ _ _ _ \n\nself = <pages.registration_page.RegistrationPage object at 0x7f533c0c20e0>\nusername = 'Alex'\n\n    def check_user_already_exist_on_username_field(self, username):\n>       self.username_input_error_message.should_have_text(f\"Username `{username}` already exists\")\n\npages/registration_page.py:64: \n_ _ _ _ _ _ _ _ _ _ _ _ _ _ _ _ _ _ _ _ _ _ _ _ _ _ _ _ _ _ _ _ _ _ _ _ _ _ _ _ \n\nself = <page_factory.paragraph.Paragraph object at 0x7f533c0c2500>\ntext = 'Username `Alex` already exists', kwargs = {}\nlocator = <Locator frame=<Frame name= url='http://auth.niffler.dc:9000/register'> selector=\"xpath=//label[contains(text(), 'Username')]/span\">\n\n    def should_have_text(self, text, **kwargs):\n        with allure.step(f'Проверить что {self.type_of} \"{self.name}\" содержит текст \"{text}\"'):\n            locator = self.get_locator(**kwargs)\n>           expect(locator).to_have_text(text)\nE           AssertionError: Locator expected to have text 'Username `Alex` already exists'\nE           Actual value: None\nE           Error: element(s) not found \nE           Call log:\nE             - Expect \"to_have_text\" with timeout 5000ms\nE             - waiting for locator(\"//label[contains(text(), 'Username')]/span\")\n\npage_factory/component.py:65: AssertionError","flaky":false,"newFailed":false,"newBroken":false,"newPassed":false,"retriesCount":0,"retriesStatusChange":false,"beforeStages":[{"name":"[S] Base Url","time":{"start":1771352544236,"stop":1771352544236,"duration":0},"status":"passed","steps":[],"attachments":[],"parameters":[],"stepsCount":0,"shouldDisplayMessage":false,"attachmentsCount":0,"hasContent":false,"attachmentStep":false},{"name":"[S]  Verify Url","time":{"start":1771352544236,"stop":1771352544237,"duration":1},"status":"passed","steps":[],"attachments":[],"parameters":[],"stepsCount":0,"shouldDisplayMessage":false,"attachmentsCount":0,"hasContent":false,"attachmentStep":false},{"name":"[S] Pytestconfig","time":{"start":1771352544237,"stop":1771352544237,"duration":0},"status":"passed","steps":[],"attachments":[],"parameters":[],"stepsCount":0,"shouldDisplayMessage":false,"attachmentsCount":0,"hasContent":false,"attachmentStep":false},{"name":"[S] Delete Output Dir","time":{"start":1771352544237,"stop":1771352544237,"duration":0},"status":"passed","steps":[],"attachments":[],"parameters":[],"stepsCount":0,"shouldDisplayMessage":false,"attachmentsCount":0,"hasContent":false,"attachmentStep":false},{"name":"[S] Envs","time":{"start":1771352544237,"stop":1771352544240,"duration":3},"status":"passed","steps":[],"attachments":[{"uid":"c2f083beaaba798","name":"envs.json","source":"c2f083beaaba798.json","type":"application/json","size":511}],"parameters":[],"stepsCount":0,"shouldDisplayMessage":false,"attachmentsCount":1,"hasContent":true,"attachmentStep":false},{"name":"[F] Browser","time":{"start":1771352663331,"stop":1771352663666,"duration":335},"status":"passed","steps":[],"attachments":[],"parameters":[],"stepsCount":0,"shouldDisplayMessage":false,"attachmentsCount":0,"hasContent":false,"attachmentStep":false},{"name":"[F] Page","time":{"start":1771352663667,"stop":1771352663799,"duration":132},"status":"passed","steps":[],"attachments":[],"parameters":[],"stepsCount":0,"shouldDisplayMessage":false,"attachmentsCount":0,"hasContent":false,"attachmentStep":false},{"name":"[F] Registration Page","time":{"start":1771352663800,"stop":1771352663800,"duration":0},"status":"passed","steps":[],"attachments":[],"parameters":[],"stepsCount":0,"shouldDisplayMessage":false,"attachmentsCount":0,"hasContent":false,"attachmentStep":false},{"name":"[F] Login Page","time":{"start":1771352663800,"stop":1771352663800,"duration":0},"status":"passed","steps":[],"attachments":[],"parameters":[],"stepsCount":0,"shouldDisplayMessage":false,"attachmentsCount":0,"hasContent":false,"attachmentStep":false}],"testStage":{"status":"failed","statusMessage":"AssertionError: Locator expected to have text 'Username `Alex` already exists'\nActual value: None\nError: element(s) not found \nCall log:\n  - Expect \"to_have_text\" with timeout 5000ms\n  - waiting for locator(\"//label[contains(text(), 'Username')]/span\")","statusTrace":"login_page = <pages.login_page.LoginPage object at 0x7f533cc669b0>\nregistration_page = <pages.registration_page.RegistrationPage object at 0x7f533c0c20e0>\npage = <Page url='http://auth.niffler.dc:9000/register'>\nenvs = Envs(frontend_url='http://frontend.niffler.dc', gateway_url='http://gateway.niffler.dc:8090', spend_db_url='postgresql...trap_servers='localhost:9093', userdata_db_url='postgresql+psycopg2://postgres:secret@localhost:5432/niffler-userdata')\n\n    @allure.feature(\"Страница Регистрации\")\n    @allure.title(\"Отображение сообщения об ошибке если пользователь уже существует\")\n    def test_visibility_error_message_when_user_is_existing(login_page, registration_page, page, envs):\n        login_page.click_create_new_account_button()\n        registration_page.send_username(envs.username)\n        registration_page.send_password(envs.password)\n        registration_page.send_submit_password(envs.password)\n        registration_page.click_sign_up_button()\n>       registration_page.check_user_already_exist_on_username_field(envs.username)\n\ntests/ui_tests/test_registration_page.py:63: \n_ _ _ _ _ _ _ _ _ _ _ _ _ _ _ _ _ _ _ _ _ _ _ _ _ _ _ _ _ _ _ _ _ _ _ _ _ _ _ _ \n\nself = <pages.registration_page.RegistrationPage object at 0x7f533c0c20e0>\nusername = 'Alex'\n\n    def check_user_already_exist_on_username_field(self, username):\n>       self.username_input_error_message.should_have_text(f\"Username `{username}` already exists\")\n\npages/registration_page.py:64: \n_ _ _ _ _ _ _ _ _ _ _ _ _ _ _ _ _ _ _ _ _ _ _ _ _ _ _ _ _ _ _ _ _ _ _ _ _ _ _ _ \n\nself = <page_factory.paragraph.Paragraph object at 0x7f533c0c2500>\ntext = 'Username `Alex` already exists', kwargs = {}\nlocator = <Locator frame=<Frame name= url='http://auth.niffler.dc:9000/register'> selector=\"xpath=//label[contains(text(), 'Username')]/span\">\n\n    def should_have_text(self, text, **kwargs):\n        with allure.step(f'Проверить что {self.type_of} \"{self.name}\" содержит текст \"{text}\"'):\n            locator = self.get_locator(**kwargs)\n>           expect(locator).to_have_text(text)\nE           AssertionError: Locator expected to have text 'Username `Alex` already exists'\nE           Actual value: None\nE           Error: element(s) not found \nE           Call log:\nE             - Expect \"to_have_text\" with timeout 5000ms\nE             - waiting for locator(\"//label[contains(text(), 'Username')]/span\")\n\npage_factory/component.py:65: AssertionError","steps":[{"name":"Нажать link  \"Create new account\"","time":{"start":1771352663801,"stop":1771352664062,"duration":261},"status":"passed","steps":[],"attachments":[],"parameters":[],"stepsCount":0,"shouldDisplayMessage":false,"attachmentsCount":0,"hasContent":false,"attachmentStep":false},{"name":"Ввести в input \"Username\" значение \"Alex\"","time":{"start":1771352664062,"stop":1771352664143,"duration":81},"status":"passed","steps":[],"attachments":[],"parameters":[],"stepsCount":0,"shouldDisplayMessage":false,"attachmentsCount":0,"hasContent":false,"attachmentStep":false},{"name":"Ввести в input \"Password\" значение \"SonyXperia\"","time":{"start":1771352664143,"stop":1771352664205,"duration":62},"status":"passed","steps":[],"attachments":[],"parameters":[],"stepsCount":0,"shouldDisplayMessage":false,"attachmentsCount":0,"hasContent":false,"attachmentStep":false},{"name":"Ввести в input \"Submit password\" значение \"SonyXperia\"","time":{"start":1771352664205,"stop":1771352664211,"duration":6},"status":"passed","steps":[],"attachments":[],"parameters":[],"stepsCount":0,"shouldDisplayMessage":false,"attachmentsCount":0,"hasContent":false,"attachmentStep":false},{"name":"Нажать button  \"Sign up\"","time":{"start":1771352664211,"stop":1771352664367,"duration":156},"status":"passed","steps":[],"attachments":[],"parameters":[],"stepsCount":0,"shouldDisplayMessage":false,"attachmentsCount":0,"hasContent":false,"attachmentStep":false},{"name":"Проверить что text \"Username error message\" содержит текст \"Username `Alex` already exists\"","time":{"start":1771352664367,"stop":1771352669370,"duration":5003},"status":"failed","statusMessage":"AssertionError: Locator expected to have text 'Username `Alex` already exists'\nActual value: None\nError: element(s) not found \nCall log:\n  - Expect \"to_have_text\" with timeout 5000ms\n  - waiting for locator(\"//label[contains(text(), 'Username')]/span\")\n\n","statusTrace":"  File \"/home/runner/work/niffler-py-st3/niffler-py-st3/niffler-tests-python/page_factory/component.py\", line 65, in should_have_text\n    expect(locator).to_have_text(text)\n  File \"/home/runner/work/niffler-py-st3/niffler-py-st3/niffler-tests-python/.venv/lib/python3.10/site-packages/playwright/sync_api/_generated.py\", line 20011, in to_have_text\n    self._sync(\n  File \"/home/runner/work/niffler-py-st3/niffler-py-st3/niffler-tests-python/.venv/lib/python3.10/site-packages/playwright/_impl/_sync_base.py\", line 115, in _sync\n    return task.result()\n  File \"/home/runner/work/niffler-py-st3/niffler-py-st3/niffler-tests-python/.venv/lib/python3.10/site-packages/playwright/_impl/_assertions.py\", line 561, in to_have_text\n    await self._expect_impl(\n  File \"/home/runner/work/niffler-py-st3/niffler-py-st3/niffler-tests-python/.venv/lib/python3.10/site-packages/playwright/_impl/_assertions.py\", line 85, in _expect_impl\n    raise AssertionError(\n","steps":[],"attachments":[],"parameters":[],"stepsCount":0,"shouldDisplayMessage":true,"attachmentsCount":0,"hasContent":true,"attachmentStep":false}],"attachments":[{"uid":"120973a369527a81","name":"screenshotе","source":"120973a369527a81.png","type":"image/png","size":586035}],"parameters":[],"stepsCount":6,"shouldDisplayMessage":true,"attachmentsCount":1,"hasContent":true,"attachmentStep":false},"afterStages":[{"name":"browser::teardown","time":{"start":1771352669570,"stop":1771352669604,"duration":34},"status":"passed","steps":[],"attachments":[],"parameters":[],"stepsCount":0,"shouldDisplayMessage":false,"attachmentsCount":0,"hasContent":false,"attachmentStep":false}],"labels":[{"name":"feature","value":"Страница Регистрации"},{"name":"host","value":"runnervmjduv7"},{"name":"thread","value":"8855-MainThread"},{"name":"framework","value":"pytest"},{"name":"language","value":"cpython3"},{"name":"package","value":"tests.ui_tests.test_registration_page"},{"name":"resultFormat","value":"allure2"}],"parameters":[],"links":[],"hidden":false,"retry":false,"extra":{"severity":"normal","retries":[],"categories":[{"name":"Product defects","matchedStatuses":[],"flaky":false}],"tags":[]},"source":"d0ca33187afd3dc9.json","parameterValues":[]}